Сборка начата 26.11.2021 16:38:56.
Уровень детализации журнала: Normal.     1>Проект "E:\Лабораторные\ОАиП\Lab13\Lab13_dop1\Lab13_dop1.vcxproj" в узле 2 (целевые объекты Build).
     1>C:\Program Files (x86)\Microsoft Visual Studio\2019\Community\MSBuild\Microsoft\VC\v160\Microsoft.CppBuild.targets(513,5): warning MSB8028: промежуточный каталог (Debug\) содержит файлы, которые используются совместно с другим проектом (Lab13_dop1.vcxproj).  Это может привести к ошибкам очистки и перестроения.
         Создание каталога "Debug\Lab13_dop4.tlog\".
     1>InitializeBuildStatus:
         Создание "Debug\Lab13_dop4.tlog\unsuccessfulbuild", так как было задано "AlwaysCreate".
       ClCompile:
         C:\Program Files (x86)\Microsoft Visual Studio\2019\Community\VC\Tools\MSVC\14.29.30133\bin\HostX86\x86\CL.exe /c /ZI /JMC /nologo /W3 /WX- /diagnostics:column /sdl /Od /Oy- /D WIN32 /D _DEBUG /D _CONSOLE /D _UNICODE /D UNICODE /Gm- /EHsc /RTC1 /MDd /GS /fp:precise /permissive- /Zc:wchar_t /Zc:forScope /Zc:inline /Fo"Debug\\" /Fd"Debug\vc142.pdb" /external:W3 /Gd /TP /analyze- /FC /errorReport:prompt Lab13_dop4.cpp
         Lab13_dop4.cpp
       Link:
         C:\Program Files (x86)\Microsoft Visual Studio\2019\Community\VC\Tools\MSVC\14.29.30133\bin\HostX86\x86\link.exe /ERRORREPORT:PROMPT /OUT:"E:\Лабораторные\ОАиП\Lab13\Debug\Lab13_dop4.exe" /INCREMENTAL /ILK:"Debug\Lab13_dop4.ilk" /NOLOGO kernel32.lib user32.lib gdi32.lib winspool.lib comdlg32.lib advapi32.lib shell32.lib ole32.lib oleaut32.lib uuid.lib odbc32.lib odbccp32.lib /MANIFEST /MANIFESTUAC:"level='asInvoker' uiAccess='false'" /manifest:embed /DEBUG /PDB:"E:\Лабораторные\ОАиП\Lab13\Debug\Lab13_dop4.pdb" /SUBSYSTEM:CONSOLE /TLBID:1 /DYNAMICBASE /NXCOMPAT /IMPLIB:"E:\Лабораторные\ОАиП\Lab13\Debug\Lab13_dop4.lib" /MACHINE:X86 Debug\Lab13_dop4.obj
         Lab13_dop1.vcxproj -> E:\Лабораторные\ОАиП\Lab13\Debug\Lab13_dop4.exe
       FinalizeBuildStatus:
         Файл "Debug\Lab13_dop4.tlog\unsuccessfulbuild" удаляется.
         Обращение к "Debug\Lab13_dop4.tlog\Lab13_dop4.lastbuildstate".
     1>Сборка проекта "E:\Лабораторные\ОАиП\Lab13\Lab13_dop1\Lab13_dop1.vcxproj" завершена (целевые объекты Build).

Сборка успешно завершена.

       "E:\Лабораторные\ОАиП\Lab13\Lab13_dop1\Lab13_dop1.vcxproj" (целевой объект Build ) (1) ->
       (Целевой объект PrepareForBuild) -> 
         C:\Program Files (x86)\Microsoft Visual Studio\2019\Community\MSBuild\Microsoft\VC\v160\Microsoft.CppBuild.targets(513,5): warning MSB8028: промежуточный каталог (Debug\) содержит файлы, которые используются совместно с другим проектом (Lab13_dop1.vcxproj).  Это может привести к ошибкам очистки и перестроения.

    Предупреждений: 1
    Ошибок: 0

Прошло времени 00:00:02.34
