Сборка начата 08.10.2021 17:19:15.
Уровень детализации журнала: Normal.     1>Проект "E:\Лабораторные\ОАиП\Lab5\Lab5_15_1\Lab5_15_2\Lab5_15_2.vcxproj" в узле 2 (целевые объекты Build).
     1>InitializeBuildStatus:
         Создание "Debug\Lab5_15_2.tlog\unsuccessfulbuild", так как было задано "AlwaysCreate".
       ClCompile:
         C:\Program Files (x86)\Microsoft Visual Studio\2019\Community\VC\Tools\MSVC\14.29.30133\bin\HostX86\x86\CL.exe /c /ZI /JMC /nologo /W3 /WX- /diagnostics:column /sdl /Od /Oy- /D WIN32 /D _DEBUG /D _CONSOLE /D _UNICODE /D UNICODE /Gm- /EHsc /RTC1 /MDd /GS /fp:precise /permissive- /Zc:wchar_t /Zc:forScope /Zc:inline /Fo"Debug\\" /Fd"Debug\vc142.pdb" /external:W3 /Gd /TP /analyze- /FC /errorReport:prompt Lab5_15_2.cpp
         Lab5_15_2.cpp
     1>E:\Лабораторные\ОАиП\Lab5\Lab5_15_1\Lab5_15_2\Lab5_15_2.cpp(3,1): warning C4326: возвращаемый тип "main" должен быть "int", а не "void"
     1>E:\Лабораторные\ОАиП\Lab5\Lab5_15_1\Lab5_15_2\Lab5_15_2.cpp(6,21): warning C4305: инициализация: усечение из "double" в "float"
     1>E:\Лабораторные\ОАиП\Lab5\Lab5_15_1\Lab5_15_2\Lab5_15_2.cpp(6,31): warning C4305: инициализация: усечение из "double" в "float"
     1>E:\Лабораторные\ОАиП\Lab5\Lab5_15_1\Lab5_15_2\Lab5_15_2.cpp(11,20): warning C4244: =: преобразование "double" в "float", возможна потеря данных
     1>E:\Лабораторные\ОАиП\Lab5\Lab5_15_1\Lab5_15_2\Lab5_15_2.cpp(16,9): warning C4244: =: преобразование "double" в "float", возможна потеря данных
       Link:
         C:\Program Files (x86)\Microsoft Visual Studio\2019\Community\VC\Tools\MSVC\14.29.30133\bin\HostX86\x86\link.exe /ERRORREPORT:PROMPT /OUT:"E:\Лабораторные\ОАиП\Lab5\Lab5_15_1\Debug\Lab5_15_2.exe" /INCREMENTAL /ILK:"Debug\Lab5_15_2.ilk" /NOLOGO kernel32.lib user32.lib gdi32.lib winspool.lib comdlg32.lib advapi32.lib shell32.lib ole32.lib oleaut32.lib uuid.lib odbc32.lib odbccp32.lib /MANIFEST /MANIFESTUAC:"level='asInvoker' uiAccess='false'" /manifest:embed /DEBUG /PDB:"E:\Лабораторные\ОАиП\Lab5\Lab5_15_1\Debug\Lab5_15_2.pdb" /SUBSYSTEM:CONSOLE /TLBID:1 /DYNAMICBASE /NXCOMPAT /IMPLIB:"E:\Лабораторные\ОАиП\Lab5\Lab5_15_1\Debug\Lab5_15_2.lib" /MACHINE:X86 Debug\Lab5_15_2.obj
         Lab5_15_2.vcxproj -> E:\Лабораторные\ОАиП\Lab5\Lab5_15_1\Debug\Lab5_15_2.exe
       FinalizeBuildStatus:
         Файл "Debug\Lab5_15_2.tlog\unsuccessfulbuild" удаляется.
         Обращение к "Debug\Lab5_15_2.tlog\Lab5_15_2.lastbuildstate".
     1>Сборка проекта "E:\Лабораторные\ОАиП\Lab5\Lab5_15_1\Lab5_15_2\Lab5_15_2.vcxproj" завершена (целевые объекты Build).

Сборка успешно завершена.

       "E:\Лабораторные\ОАиП\Lab5\Lab5_15_1\Lab5_15_2\Lab5_15_2.vcxproj" (целевой объект Build ) (1) ->
       (Целевой объект ClCompile) -> 
         E:\Лабораторные\ОАиП\Lab5\Lab5_15_1\Lab5_15_2\Lab5_15_2.cpp(3,1): warning C4326: возвращаемый тип "main" должен быть "int", а не "void"
         E:\Лабораторные\ОАиП\Lab5\Lab5_15_1\Lab5_15_2\Lab5_15_2.cpp(6,21): warning C4305: инициализация: усечение из "double" в "float"
         E:\Лабораторные\ОАиП\Lab5\Lab5_15_1\Lab5_15_2\Lab5_15_2.cpp(6,31): warning C4305: инициализация: усечение из "double" в "float"
         E:\Лабораторные\ОАиП\Lab5\Lab5_15_1\Lab5_15_2\Lab5_15_2.cpp(11,20): warning C4244: =: преобразование "double" в "float", возможна потеря данных
         E:\Лабораторные\ОАиП\Lab5\Lab5_15_1\Lab5_15_2\Lab5_15_2.cpp(16,9): warning C4244: =: преобразование "double" в "float", возможна потеря данных

    Предупреждений: 5
    Ошибок: 0

Прошло времени 00:00:01.75
