Сборка начата 05.11.2021 17:11:46.
Уровень детализации журнала: Normal.     1>Проект "E:\Лабораторные\ОАиП\Lab10\Lab10\4_1\4_1.vcxproj" в узле 2 (целевые объекты Build).
     1>PrepareForBuild:
         Создание каталога "Debug\4_1.tlog\".
       InitializeBuildStatus:
         Создание "Debug\4_1.tlog\unsuccessfulbuild", так как было задано "AlwaysCreate".
       ClCompile:
         C:\Program Files (x86)\Microsoft Visual Studio\2019\Community\VC\Tools\MSVC\14.29.30133\bin\HostX86\x86\CL.exe /c /ZI /JMC /nologo /W3 /WX- /diagnostics:column /sdl /Od /Oy- /D WIN32 /D _DEBUG /D _CONSOLE /D _UNICODE /D UNICODE /Gm- /EHsc /RTC1 /MDd /GS /fp:precise /permissive- /Zc:wchar_t /Zc:forScope /Zc:inline /Fo"Debug\\" /Fd"Debug\vc142.pdb" /external:W3 /Gd /TP /analyze- /FC /errorReport:prompt 4_1.cpp
         4_1.cpp
     1>E:\Лабораторные\ОАиП\Lab10\Lab10\4_1\4_1.cpp(4,1): warning C4326: возвращаемый тип "main" должен быть "int", а не "void"
     1>E:\Лабораторные\ОАиП\Lab10\Lab10\4_1\4_1.cpp(6,9): warning C4101: i: неиспользованная локальная переменная
       Link:
         C:\Program Files (x86)\Microsoft Visual Studio\2019\Community\VC\Tools\MSVC\14.29.30133\bin\HostX86\x86\link.exe /ERRORREPORT:PROMPT /OUT:"E:\Лабораторные\ОАиП\Lab10\Lab10\Debug\4_1.exe" /INCREMENTAL /ILK:"Debug\4_1.ilk" /NOLOGO kernel32.lib user32.lib gdi32.lib winspool.lib comdlg32.lib advapi32.lib shell32.lib ole32.lib oleaut32.lib uuid.lib odbc32.lib odbccp32.lib /MANIFEST /MANIFESTUAC:"level='asInvoker' uiAccess='false'" /manifest:embed /DEBUG /PDB:"E:\Лабораторные\ОАиП\Lab10\Lab10\Debug\4_1.pdb" /SUBSYSTEM:CONSOLE /TLBID:1 /DYNAMICBASE /NXCOMPAT /IMPLIB:"E:\Лабораторные\ОАиП\Lab10\Lab10\Debug\4_1.lib" /MACHINE:X86 Debug\4_1.obj
         4_1.vcxproj -> E:\Лабораторные\ОАиП\Lab10\Lab10\Debug\4_1.exe
       FinalizeBuildStatus:
         Файл "Debug\4_1.tlog\unsuccessfulbuild" удаляется.
         Обращение к "Debug\4_1.tlog\4_1.lastbuildstate".
     1>Сборка проекта "E:\Лабораторные\ОАиП\Lab10\Lab10\4_1\4_1.vcxproj" завершена (целевые объекты Build).

Сборка успешно завершена.

       "E:\Лабораторные\ОАиП\Lab10\Lab10\4_1\4_1.vcxproj" (целевой объект Build ) (1) ->
       (Целевой объект ClCompile) -> 
         E:\Лабораторные\ОАиП\Lab10\Lab10\4_1\4_1.cpp(4,1): warning C4326: возвращаемый тип "main" должен быть "int", а не "void"
         E:\Лабораторные\ОАиП\Lab10\Lab10\4_1\4_1.cpp(6,9): warning C4101: i: неиспользованная локальная переменная

    Предупреждений: 2
    Ошибок: 0

Прошло времени 00:00:03.24
