Сборка начата 24.09.2021 16:48:35.
Уровень детализации журнала: Normal.     1>Проект "E:\Лабораторные\ОАиП\Lab3\Lab3\Lab3.vcxproj" в узле 2 (целевые объекты Build).
     1>C:\Program Files (x86)\Microsoft Visual Studio\2019\Community\MSBuild\Microsoft\VC\v160\Microsoft.CppBuild.targets(513,5): warning MSB8028: промежуточный каталог (Debug\) содержит файлы, которые используются совместно с другим проектом (15.vcxproj).  Это может привести к ошибкам очистки и перестроения.
     1>InitializeBuildStatus:
         Создание "Debug\15_1.tlog\unsuccessfulbuild", так как было задано "AlwaysCreate".
       ClCompile:
         C:\Program Files (x86)\Microsoft Visual Studio\2019\Community\VC\Tools\MSVC\14.29.30133\bin\HostX86\x86\CL.exe /c /ZI /JMC /nologo /W3 /WX- /diagnostics:column /sdl /Od /Oy- /D WIN32 /D _DEBUG /D _CONSOLE /D _UNICODE /D UNICODE /Gm- /EHsc /RTC1 /MDd /GS /fp:precise /permissive- /Zc:wchar_t /Zc:forScope /Zc:inline /Fo"Debug\\" /Fd"Debug\vc142.pdb" /external:W3 /Gd /TP /analyze- /FC /errorReport:prompt 15_1.cpp
         15_1.cpp
     1>E:\Лабораторные\ОАиП\Lab3\Lab3\15_1.cpp(4,1): warning C4326: возвращаемый тип "main" должен быть "int", а не "void"
       Link:
         C:\Program Files (x86)\Microsoft Visual Studio\2019\Community\VC\Tools\MSVC\14.29.30133\bin\HostX86\x86\link.exe /ERRORREPORT:PROMPT /OUT:"E:\Лабораторные\ОАиП\Lab3\Debug\15_1.exe" /INCREMENTAL /ILK:"Debug\15_1.ilk" /NOLOGO kernel32.lib user32.lib gdi32.lib winspool.lib comdlg32.lib advapi32.lib shell32.lib ole32.lib oleaut32.lib uuid.lib odbc32.lib odbccp32.lib /MANIFEST /MANIFESTUAC:"level='asInvoker' uiAccess='false'" /manifest:embed /DEBUG /PDB:"E:\Лабораторные\ОАиП\Lab3\Debug\15_1.pdb" /SUBSYSTEM:CONSOLE /TLBID:1 /DYNAMICBASE /NXCOMPAT /IMPLIB:"E:\Лабораторные\ОАиП\Lab3\Debug\15_1.lib" /MACHINE:X86 Debug\15_1.obj
         Lab3.vcxproj -> E:\Лабораторные\ОАиП\Lab3\Debug\15_1.exe
       FinalizeBuildStatus:
         Файл "Debug\15_1.tlog\unsuccessfulbuild" удаляется.
         Обращение к "Debug\15_1.tlog\15_1.lastbuildstate".
     1>Сборка проекта "E:\Лабораторные\ОАиП\Lab3\Lab3\Lab3.vcxproj" завершена (целевые объекты Build).

Сборка успешно завершена.

       "E:\Лабораторные\ОАиП\Lab3\Lab3\Lab3.vcxproj" (целевой объект Build ) (1) ->
       (Целевой объект PrepareForBuild) -> 
         C:\Program Files (x86)\Microsoft Visual Studio\2019\Community\MSBuild\Microsoft\VC\v160\Microsoft.CppBuild.targets(513,5): warning MSB8028: промежуточный каталог (Debug\) содержит файлы, которые используются совместно с другим проектом (15.vcxproj).  Это может привести к ошибкам очистки и перестроения.


       "E:\Лабораторные\ОАиП\Lab3\Lab3\Lab3.vcxproj" (целевой объект Build ) (1) ->
       (Целевой объект ClCompile) -> 
         E:\Лабораторные\ОАиП\Lab3\Lab3\15_1.cpp(4,1): warning C4326: возвращаемый тип "main" должен быть "int", а не "void"

    Предупреждений: 2
    Ошибок: 0

Прошло времени 00:00:02.32
