Сборка начата 24.10.2021 11:36:06.
Уровень детализации журнала: Normal.     1>Проект "E:\Лабораторные\ОАиП\Lab8\Lab8\Lab8_kasat2\Lab8_kasat2.vcxproj" в узле 2 (целевые объекты Build).
     1>InitializeBuildStatus:
         Создание "Debug\Lab8_kasat2.tlog\unsuccessfulbuild", так как было задано "AlwaysCreate".
       ClCompile:
         C:\Program Files (x86)\Microsoft Visual Studio\2019\Community\VC\Tools\MSVC\14.29.30133\bin\HostX86\x86\CL.exe /c /ZI /JMC /nologo /W3 /WX- /diagnostics:column /sdl /Od /Oy- /D WIN32 /D _DEBUG /D _CONSOLE /D _UNICODE /D UNICODE /Gm- /EHsc /RTC1 /MDd /GS /fp:precise /permissive- /Zc:wchar_t /Zc:forScope /Zc:inline /Fo"Debug\\" /Fd"Debug\vc142.pdb" /external:W3 /Gd /TP /analyze- /FC /errorReport:prompt Lab8_kasat2.cpp
         Lab8_kasat2.cpp
     1>E:\Лабораторные\ОАиП\Lab8\Lab8\Lab8_kasat2\Lab8_kasat2.cpp(7,15): warning C4244: инициализация: преобразование "double" в "int", возможна потеря данных
       Link:
         C:\Program Files (x86)\Microsoft Visual Studio\2019\Community\VC\Tools\MSVC\14.29.30133\bin\HostX86\x86\link.exe /ERRORREPORT:PROMPT /OUT:"E:\Лабораторные\ОАиП\Lab8\Lab8\Debug\Lab8_kasat2.exe" /INCREMENTAL /ILK:"Debug\Lab8_kasat2.ilk" /NOLOGO kernel32.lib user32.lib gdi32.lib winspool.lib comdlg32.lib advapi32.lib shell32.lib ole32.lib oleaut32.lib uuid.lib odbc32.lib odbccp32.lib /MANIFEST /MANIFESTUAC:"level='asInvoker' uiAccess='false'" /manifest:embed /DEBUG /PDB:"E:\Лабораторные\ОАиП\Lab8\Lab8\Debug\Lab8_kasat2.pdb" /SUBSYSTEM:CONSOLE /TLBID:1 /DYNAMICBASE /NXCOMPAT /IMPLIB:"E:\Лабораторные\ОАиП\Lab8\Lab8\Debug\Lab8_kasat2.lib" /MACHINE:X86 Debug\Lab8_kasat2.obj
         Lab8_kasat2.vcxproj -> E:\Лабораторные\ОАиП\Lab8\Lab8\Debug\Lab8_kasat2.exe
       FinalizeBuildStatus:
         Файл "Debug\Lab8_kasat2.tlog\unsuccessfulbuild" удаляется.
         Обращение к "Debug\Lab8_kasat2.tlog\Lab8_kasat2.lastbuildstate".
     1>Сборка проекта "E:\Лабораторные\ОАиП\Lab8\Lab8\Lab8_kasat2\Lab8_kasat2.vcxproj" завершена (целевые объекты Build).

Сборка успешно завершена.

       "E:\Лабораторные\ОАиП\Lab8\Lab8\Lab8_kasat2\Lab8_kasat2.vcxproj" (целевой объект Build ) (1) ->
       (Целевой объект ClCompile) -> 
         E:\Лабораторные\ОАиП\Lab8\Lab8\Lab8_kasat2\Lab8_kasat2.cpp(7,15): warning C4244: инициализация: преобразование "double" в "int", возможна потеря данных

    Предупреждений: 1
    Ошибок: 0

Прошло времени 00:00:01.79
