Сборка начата 25.11.2021 23:26:13.
Уровень детализации журнала: Normal.     1>Проект "E:\Лабораторные\ОАиП\Lab12\Lab12_dop2\Lab12_dop2.vcxproj" в узле 2 (целевые объекты Build).
     1>PrepareForBuild:
         Создание каталога "E:\Лабораторные\ОАиП\Lab12\Release\".
         Создание каталога "Release\Lab12_dop2.tlog\".
       InitializeBuildStatus:
         Создание "Release\Lab12_dop2.tlog\unsuccessfulbuild", так как было задано "AlwaysCreate".
       ClCompile:
         C:\Program Files (x86)\Microsoft Visual Studio\2019\Community\VC\Tools\MSVC\14.29.30133\bin\HostX86\x86\CL.exe /c /Zi /nologo /W3 /WX- /diagnostics:column /sdl /O2 /Oi /Oy- /GL /D WIN32 /D NDEBUG /D _CONSOLE /D _UNICODE /D UNICODE /Gm- /EHsc /MD /GS /Gy /fp:precise /permissive- /Zc:wchar_t /Zc:forScope /Zc:inline /Fo"Release\\" /Fd"Release\vc142.pdb" /external:W3 /Gd /TP /analyze- /FC /errorReport:prompt Lab12_dop2.cpp
         Lab12_dop2.cpp
     1>E:\Лабораторные\ОАиП\Lab12\Lab12_dop2\Lab12_dop2.cpp(9,23): warning C4018: <: несоответствие типов со знаком и без знака
       Link:
         C:\Program Files (x86)\Microsoft Visual Studio\2019\Community\VC\Tools\MSVC\14.29.30133\bin\HostX86\x86\link.exe /ERRORREPORT:PROMPT /OUT:"E:\Лабораторные\ОАиП\Lab12\Release\Lab12_dop2.exe" /INCREMENTAL:NO /NOLOGO kernel32.lib user32.lib gdi32.lib winspool.lib comdlg32.lib advapi32.lib shell32.lib ole32.lib oleaut32.lib uuid.lib odbc32.lib odbccp32.lib /MANIFEST /MANIFESTUAC:"level='asInvoker' uiAccess='false'" /manifest:embed /DEBUG /PDB:"E:\Лабораторные\ОАиП\Lab12\Release\Lab12_dop2.pdb" /SUBSYSTEM:CONSOLE /OPT:REF /OPT:ICF /LTCG:incremental /LTCGOUT:"Release\Lab12_dop2.iobj" /TLBID:1 /DYNAMICBASE /NXCOMPAT /IMPLIB:"E:\Лабораторные\ОАиП\Lab12\Release\Lab12_dop2.lib" /MACHINE:X86 /SAFESEH Release\Lab12_dop2.obj
         Создание кода
         Previous IPDB not found, fall back to full compilation.
         All 91 functions were compiled because no usable IPDB/IOBJ from previous compilation was found.
         Создание кода завершено
         Lab12_dop2.vcxproj -> E:\Лабораторные\ОАиП\Lab12\Release\Lab12_dop2.exe
       FinalizeBuildStatus:
         Файл "Release\Lab12_dop2.tlog\unsuccessfulbuild" удаляется.
         Обращение к "Release\Lab12_dop2.tlog\Lab12_dop2.lastbuildstate".
     1>Сборка проекта "E:\Лабораторные\ОАиП\Lab12\Lab12_dop2\Lab12_dop2.vcxproj" завершена (целевые объекты Build).

Сборка успешно завершена.

       "E:\Лабораторные\ОАиП\Lab12\Lab12_dop2\Lab12_dop2.vcxproj" (целевой объект Build ) (1) ->
       (Целевой объект ClCompile) -> 
         E:\Лабораторные\ОАиП\Lab12\Lab12_dop2\Lab12_dop2.cpp(9,23): warning C4018: <: несоответствие типов со знаком и без знака

    Предупреждений: 1
    Ошибок: 0

Прошло времени 00:00:02.89
