Сборка начата 05.11.2021 17:45:56.
Уровень детализации журнала: Normal.     1>Проект "E:\Лабораторные\ОАиП\Lab10\Lab10\9_2\9_2.vcxproj" в узле 2 (целевые объекты Build).
     1>InitializeBuildStatus:
         Создание "Debug\9_2.tlog\unsuccessfulbuild", так как было задано "AlwaysCreate".
       ClCompile:
         C:\Program Files (x86)\Microsoft Visual Studio\2019\Community\VC\Tools\MSVC\14.29.30133\bin\HostX86\x86\CL.exe /c /ZI /JMC /nologo /W3 /WX- /diagnostics:column /sdl /Od /Oy- /D WIN32 /D _DEBUG /D _CONSOLE /D _UNICODE /D UNICODE /Gm- /EHsc /RTC1 /MDd /GS /fp:precise /permissive- /Zc:wchar_t /Zc:forScope /Zc:inline /Fo"Debug\\" /Fd"Debug\vc142.pdb" /external:W3 /Gd /TP /analyze- /FC /errorReport:prompt 9_2.cpp
         9_2.cpp
     1>E:\Лабораторные\ОАиП\Lab10\Lab10\9_2\9_2.cpp(21,35): warning C4554: "<<": проверьте приоритет операторов на ошибки; для уточнения приоритета используйте скобки
       Link:
         C:\Program Files (x86)\Microsoft Visual Studio\2019\Community\VC\Tools\MSVC\14.29.30133\bin\HostX86\x86\link.exe /ERRORREPORT:PROMPT /OUT:"E:\Лабораторные\ОАиП\Lab10\Lab10\Debug\9_2.exe" /INCREMENTAL /ILK:"Debug\9_2.ilk" /NOLOGO kernel32.lib user32.lib gdi32.lib winspool.lib comdlg32.lib advapi32.lib shell32.lib ole32.lib oleaut32.lib uuid.lib odbc32.lib odbccp32.lib /MANIFEST /MANIFESTUAC:"level='asInvoker' uiAccess='false'" /manifest:embed /DEBUG /PDB:"E:\Лабораторные\ОАиП\Lab10\Lab10\Debug\9_2.pdb" /SUBSYSTEM:CONSOLE /TLBID:1 /DYNAMICBASE /NXCOMPAT /IMPLIB:"E:\Лабораторные\ОАиП\Lab10\Lab10\Debug\9_2.lib" /MACHINE:X86 Debug\9_2.obj
         9_2.vcxproj -> E:\Лабораторные\ОАиП\Lab10\Lab10\Debug\9_2.exe
       FinalizeBuildStatus:
         Файл "Debug\9_2.tlog\unsuccessfulbuild" удаляется.
         Обращение к "Debug\9_2.tlog\9_2.lastbuildstate".
     1>Сборка проекта "E:\Лабораторные\ОАиП\Lab10\Lab10\9_2\9_2.vcxproj" завершена (целевые объекты Build).

Сборка успешно завершена.

       "E:\Лабораторные\ОАиП\Lab10\Lab10\9_2\9_2.vcxproj" (целевой объект Build ) (1) ->
       (Целевой объект ClCompile) -> 
         E:\Лабораторные\ОАиП\Lab10\Lab10\9_2\9_2.cpp(21,35): warning C4554: "<<": проверьте приоритет операторов на ошибки; для уточнения приоритета используйте скобки

    Предупреждений: 1
    Ошибок: 0

Прошло времени 00:00:01.52
