Сборка начата 12.11.2021 0:46:14.
Уровень детализации журнала: Normal.     1>Проект "E:\Лабораторные\ОАиП\Lab11\Lab11\Lab11.vcxproj" в узле 2 (целевые объекты Build).
     1>PrepareForBuild:
         Создание каталога "E:\Лабораторные\ОАиП\Lab11\Release\".
         Создание каталога "Release\Lab11.tlog\".
       InitializeBuildStatus:
         Создание "Release\Lab11.tlog\unsuccessfulbuild", так как было задано "AlwaysCreate".
       ClCompile:
         C:\Program Files (x86)\Microsoft Visual Studio\2019\Community\VC\Tools\MSVC\14.29.30133\bin\HostX86\x86\CL.exe /c /Zi /nologo /W3 /WX- /diagnostics:column /sdl /O2 /Oi /Oy- /GL /D WIN32 /D NDEBUG /D _CONSOLE /D _UNICODE /D UNICODE /Gm- /EHsc /MD /GS /Gy /fp:precise /permissive- /Zc:wchar_t /Zc:forScope /Zc:inline /Fo"Release\\" /Fd"Release\vc142.pdb" /external:W3 /Gd /TP /analyze- /FC /errorReport:prompt Lab11.cpp
         Lab11.cpp
     1>E:\Лабораторные\ОАиП\Lab11\Lab11\Lab11.cpp(5,1): warning C4326: возвращаемый тип "main" должен быть "int", а не "void"
     1>E:\Лабораторные\ОАиП\Lab11\Lab11\Lab11.cpp(8,12): warning C4244: аргумент: преобразование "time_t" в "unsigned int", возможна потеря данных
       Link:
         C:\Program Files (x86)\Microsoft Visual Studio\2019\Community\VC\Tools\MSVC\14.29.30133\bin\HostX86\x86\link.exe /ERRORREPORT:PROMPT /OUT:"E:\Лабораторные\ОАиП\Lab11\Release\Lab11.exe" /INCREMENTAL:NO /NOLOGO kernel32.lib user32.lib gdi32.lib winspool.lib comdlg32.lib advapi32.lib shell32.lib ole32.lib oleaut32.lib uuid.lib odbc32.lib odbccp32.lib /MANIFEST /MANIFESTUAC:"level='asInvoker' uiAccess='false'" /manifest:embed /DEBUG /PDB:"E:\Лабораторные\ОАиП\Lab11\Release\Lab11.pdb" /SUBSYSTEM:CONSOLE /OPT:REF /OPT:ICF /LTCG:incremental /LTCGOUT:"Release\Lab11.iobj" /TLBID:1 /DYNAMICBASE /NXCOMPAT /IMPLIB:"E:\Лабораторные\ОАиП\Lab11\Release\Lab11.lib" /MACHINE:X86 /SAFESEH Release\Lab11.obj
         Создание кода
         Previous IPDB not found, fall back to full compilation.
         All 11 functions were compiled because no usable IPDB/IOBJ from previous compilation was found.
         Создание кода завершено
         Lab11.vcxproj -> E:\Лабораторные\ОАиП\Lab11\Release\Lab11.exe
       FinalizeBuildStatus:
         Файл "Release\Lab11.tlog\unsuccessfulbuild" удаляется.
         Обращение к "Release\Lab11.tlog\Lab11.lastbuildstate".
     1>Сборка проекта "E:\Лабораторные\ОАиП\Lab11\Lab11\Lab11.vcxproj" завершена (целевые объекты Build).

Сборка успешно завершена.

       "E:\Лабораторные\ОАиП\Lab11\Lab11\Lab11.vcxproj" (целевой объект Build ) (1) ->
       (Целевой объект ClCompile) -> 
         E:\Лабораторные\ОАиП\Lab11\Lab11\Lab11.cpp(5,1): warning C4326: возвращаемый тип "main" должен быть "int", а не "void"
         E:\Лабораторные\ОАиП\Lab11\Lab11\Lab11.cpp(8,12): warning C4244: аргумент: преобразование "time_t" в "unsigned int", возможна потеря данных

    Предупреждений: 2
    Ошибок: 0

Прошло времени 00:00:02.52
