Сборка начата 08.10.2021 16:43:52.
Уровень детализации журнала: Normal.     1>Проект "E:\Лабораторные\ОАиП\Lab5\Lab5_15_1\Lab15_dop3\Lab15_dop3.vcxproj" в узле 2 (целевые объекты Build).
     1>InitializeBuildStatus:
         Создание "Debug\Lab15_dop3.tlog\unsuccessfulbuild", так как было задано "AlwaysCreate".
       ClCompile:
         C:\Program Files (x86)\Microsoft Visual Studio\2019\Community\VC\Tools\MSVC\14.29.30133\bin\HostX86\x86\CL.exe /c /ZI /JMC /nologo /W3 /WX- /diagnostics:column /sdl /Od /Oy- /D WIN32 /D _DEBUG /D _CONSOLE /D _UNICODE /D UNICODE /Gm- /EHsc /RTC1 /MDd /GS /fp:precise /permissive- /Zc:wchar_t /Zc:forScope /Zc:inline /Fo"Debug\\" /Fd"Debug\vc142.pdb" /external:W3 /Gd /TP /analyze- /FC /errorReport:prompt Lab15_dop3.cpp
         Lab15_dop3.cpp
     1>E:\Лабораторные\ОАиП\Lab5\Lab5_15_1\Lab15_dop3\Lab15_dop3.cpp(3,1): warning C4326: возвращаемый тип "main" должен быть "int", а не "void"
       Link:
         C:\Program Files (x86)\Microsoft Visual Studio\2019\Community\VC\Tools\MSVC\14.29.30133\bin\HostX86\x86\link.exe /ERRORREPORT:PROMPT /OUT:"E:\Лабораторные\ОАиП\Lab5\Lab5_15_1\Debug\Lab15_dop3.exe" /INCREMENTAL /ILK:"Debug\Lab15_dop3.ilk" /NOLOGO kernel32.lib user32.lib gdi32.lib winspool.lib comdlg32.lib advapi32.lib shell32.lib ole32.lib oleaut32.lib uuid.lib odbc32.lib odbccp32.lib /MANIFEST /MANIFESTUAC:"level='asInvoker' uiAccess='false'" /manifest:embed /DEBUG /PDB:"E:\Лабораторные\ОАиП\Lab5\Lab5_15_1\Debug\Lab15_dop3.pdb" /SUBSYSTEM:CONSOLE /TLBID:1 /DYNAMICBASE /NXCOMPAT /IMPLIB:"E:\Лабораторные\ОАиП\Lab5\Lab5_15_1\Debug\Lab15_dop3.lib" /MACHINE:X86 Debug\Lab15_dop3.obj
         Lab15_dop3.vcxproj -> E:\Лабораторные\ОАиП\Lab5\Lab5_15_1\Debug\Lab15_dop3.exe
       FinalizeBuildStatus:
         Файл "Debug\Lab15_dop3.tlog\unsuccessfulbuild" удаляется.
         Обращение к "Debug\Lab15_dop3.tlog\Lab15_dop3.lastbuildstate".
     1>Сборка проекта "E:\Лабораторные\ОАиП\Lab5\Lab5_15_1\Lab15_dop3\Lab15_dop3.vcxproj" завершена (целевые объекты Build).

Сборка успешно завершена.

       "E:\Лабораторные\ОАиП\Lab5\Lab5_15_1\Lab15_dop3\Lab15_dop3.vcxproj" (целевой объект Build ) (1) ->
       (Целевой объект ClCompile) -> 
         E:\Лабораторные\ОАиП\Lab5\Lab5_15_1\Lab15_dop3\Lab15_dop3.cpp(3,1): warning C4326: возвращаемый тип "main" должен быть "int", а не "void"

    Предупреждений: 1
    Ошибок: 0

Прошло времени 00:00:01.73
