Сборка начата 22.10.2021 17:43:13.
Уровень детализации журнала: Normal.     1>Проект "E:\Лабораторные\ОАиП\Lab8\Lab8\Lab8_parabola\Lab8_parabola.vcxproj" в узле 2 (целевые объекты Build).
     1>InitializeBuildStatus:
         Создание "Debug\Lab8_parabola.tlog\unsuccessfulbuild", так как было задано "AlwaysCreate".
       ClCompile:
         C:\Program Files (x86)\Microsoft Visual Studio\2019\Community\VC\Tools\MSVC\14.29.30133\bin\HostX86\x86\CL.exe /c /ZI /JMC /nologo /W3 /WX- /diagnostics:column /sdl /Od /Oy- /D WIN32 /D _DEBUG /D _CONSOLE /D _UNICODE /D UNICODE /Gm- /EHsc /RTC1 /MDd /GS /fp:precise /permissive- /Zc:wchar_t /Zc:forScope /Zc:inline /Fo"Debug\\" /Fd"Debug\vc142.pdb" /external:W3 /Gd /TP /analyze- /FC /errorReport:prompt Lab8_parabola.cpp
         Lab8_parabola.cpp
     1>E:\Лабораторные\ОАиП\Lab8\Lab8\Lab8_parabola\Lab8_parabola.cpp(3,1): warning C4326: возвращаемый тип "main" должен быть "int", а не "void"
       Link:
         C:\Program Files (x86)\Microsoft Visual Studio\2019\Community\VC\Tools\MSVC\14.29.30133\bin\HostX86\x86\link.exe /ERRORREPORT:PROMPT /OUT:"E:\Лабораторные\ОАиП\Lab8\Lab8\Debug\Lab8_parabola.exe" /INCREMENTAL /ILK:"Debug\Lab8_parabola.ilk" /NOLOGO kernel32.lib user32.lib gdi32.lib winspool.lib comdlg32.lib advapi32.lib shell32.lib ole32.lib oleaut32.lib uuid.lib odbc32.lib odbccp32.lib /MANIFEST /MANIFESTUAC:"level='asInvoker' uiAccess='false'" /manifest:embed /DEBUG /PDB:"E:\Лабораторные\ОАиП\Lab8\Lab8\Debug\Lab8_parabola.pdb" /SUBSYSTEM:CONSOLE /TLBID:1 /DYNAMICBASE /NXCOMPAT /IMPLIB:"E:\Лабораторные\ОАиП\Lab8\Lab8\Debug\Lab8_parabola.lib" /MACHINE:X86 Debug\Lab8_parabola.obj
         Lab8_parabola.vcxproj -> E:\Лабораторные\ОАиП\Lab8\Lab8\Debug\Lab8_parabola.exe
       FinalizeBuildStatus:
         Файл "Debug\Lab8_parabola.tlog\unsuccessfulbuild" удаляется.
         Обращение к "Debug\Lab8_parabola.tlog\Lab8_parabola.lastbuildstate".
     1>Сборка проекта "E:\Лабораторные\ОАиП\Lab8\Lab8\Lab8_parabola\Lab8_parabola.vcxproj" завершена (целевые объекты Build).

Сборка успешно завершена.

       "E:\Лабораторные\ОАиП\Lab8\Lab8\Lab8_parabola\Lab8_parabola.vcxproj" (целевой объект Build ) (1) ->
       (Целевой объект ClCompile) -> 
         E:\Лабораторные\ОАиП\Lab8\Lab8\Lab8_parabola\Lab8_parabola.cpp(3,1): warning C4326: возвращаемый тип "main" должен быть "int", а не "void"

    Предупреждений: 1
    Ошибок: 0

Прошло времени 00:00:01.93
