Сборка начата 12.11.2021 16:40:42.
Уровень детализации журнала: Normal.     1>Проект "E:\Лабораторные\ОАиП\Lab10\Lab10\Lab10_2\Lab10_2.vcxproj" в узле 2 (целевые объекты Build).
     1>C:\Program Files (x86)\Microsoft Visual Studio\2019\Community\MSBuild\Microsoft\VC\v160\Microsoft.CppBuild.targets(513,5): warning MSB8028: промежуточный каталог (Debug\) содержит файлы, которые используются совместно с другим проектом (15_1.vcxproj, Lab10_2.vcxproj).  Это может привести к ошибкам очистки и перестроения.
     1>InitializeBuildStatus:
         Создание "Debug\15_2.tlog\unsuccessfulbuild", так как было задано "AlwaysCreate".
       ClCompile:
         C:\Program Files (x86)\Microsoft Visual Studio\2019\Community\VC\Tools\MSVC\14.29.30133\bin\HostX86\x86\CL.exe /c /ZI /JMC /nologo /W3 /WX- /diagnostics:column /sdl /Od /Oy- /D WIN32 /D _DEBUG /D _CONSOLE /D _UNICODE /D UNICODE /Gm- /EHsc /RTC1 /MDd /GS /fp:precise /permissive- /Zc:wchar_t /Zc:forScope /Zc:inline /Fo"Debug\\" /Fd"Debug\vc142.pdb" /external:W3 /Gd /TP /analyze- /FC /errorReport:prompt 15_2.cpp
         15_2.cpp
     1>E:\Лабораторные\ОАиП\Lab10\Lab10\Lab10_2\15_2.cpp(21,35): warning C4554: "<<": проверьте приоритет операторов на ошибки; для уточнения приоритета используйте скобки
       Link:
         C:\Program Files (x86)\Microsoft Visual Studio\2019\Community\VC\Tools\MSVC\14.29.30133\bin\HostX86\x86\link.exe /ERRORREPORT:PROMPT /OUT:"E:\Лабораторные\ОАиП\Lab10\Lab10\Debug\15_2.exe" /INCREMENTAL /ILK:"Debug\15_2.ilk" /NOLOGO kernel32.lib user32.lib gdi32.lib winspool.lib comdlg32.lib advapi32.lib shell32.lib ole32.lib oleaut32.lib uuid.lib odbc32.lib odbccp32.lib /MANIFEST /MANIFESTUAC:"level='asInvoker' uiAccess='false'" /manifest:embed /DEBUG /PDB:"E:\Лабораторные\ОАиП\Lab10\Lab10\Debug\15_2.pdb" /SUBSYSTEM:CONSOLE /TLBID:1 /DYNAMICBASE /NXCOMPAT /IMPLIB:"E:\Лабораторные\ОАиП\Lab10\Lab10\Debug\15_2.lib" /MACHINE:X86 Debug\15_2.obj
         Lab10_2.vcxproj -> E:\Лабораторные\ОАиП\Lab10\Lab10\Debug\15_2.exe
       FinalizeBuildStatus:
         Файл "Debug\15_2.tlog\unsuccessfulbuild" удаляется.
         Обращение к "Debug\15_2.tlog\15_2.lastbuildstate".
     1>Сборка проекта "E:\Лабораторные\ОАиП\Lab10\Lab10\Lab10_2\Lab10_2.vcxproj" завершена (целевые объекты Build).

Сборка успешно завершена.

       "E:\Лабораторные\ОАиП\Lab10\Lab10\Lab10_2\Lab10_2.vcxproj" (целевой объект Build ) (1) ->
       (Целевой объект PrepareForBuild) -> 
         C:\Program Files (x86)\Microsoft Visual Studio\2019\Community\MSBuild\Microsoft\VC\v160\Microsoft.CppBuild.targets(513,5): warning MSB8028: промежуточный каталог (Debug\) содержит файлы, которые используются совместно с другим проектом (15_1.vcxproj, Lab10_2.vcxproj).  Это может привести к ошибкам очистки и перестроения.


       "E:\Лабораторные\ОАиП\Lab10\Lab10\Lab10_2\Lab10_2.vcxproj" (целевой объект Build ) (1) ->
       (Целевой объект ClCompile) -> 
         E:\Лабораторные\ОАиП\Lab10\Lab10\Lab10_2\15_2.cpp(21,35): warning C4554: "<<": проверьте приоритет операторов на ошибки; для уточнения приоритета используйте скобки

    Предупреждений: 2
    Ошибок: 0

Прошло времени 00:00:01.51
