Сборка начата 26.11.2021 17:29:32.
Уровень детализации журнала: Normal.     1>Проект "E:\Лабораторные\ОАиП\Lab12\Lab12_dop2\Lab12_dop2.vcxproj" в узле 2 (целевые объекты Build).
     1>InitializeBuildStatus:
         Создание "Debug\Lab12_dop2.tlog\unsuccessfulbuild", так как было задано "AlwaysCreate".
       ClCompile:
         C:\Program Files (x86)\Microsoft Visual Studio\2019\Community\VC\Tools\MSVC\14.29.30133\bin\HostX86\x86\CL.exe /c /ZI /JMC /nologo /W3 /WX- /diagnostics:column /sdl /Od /Oy- /D WIN32 /D _DEBUG /D _CONSOLE /D _UNICODE /D UNICODE /Gm- /EHsc /RTC1 /MDd /GS /fp:precise /permissive- /Zc:wchar_t /Zc:forScope /Zc:inline /Fo"Debug\\" /Fd"Debug\vc142.pdb" /external:W3 /Gd /TP /analyze- /FC /errorReport:prompt Lab12_dop2.cpp
         Lab12_dop2.cpp
     1>E:\Лабораторные\ОАиП\Lab12\Lab12_dop2\Lab12_dop2.cpp(6,13): warning C4326: возвращаемый тип "main" должен быть "int", а не "void"
     1>E:\Лабораторные\ОАиП\Lab12\Lab12_dop2\Lab12_dop2.cpp(12,20): warning C4018: <: несоответствие типов со знаком и без знака
       Link:
         C:\Program Files (x86)\Microsoft Visual Studio\2019\Community\VC\Tools\MSVC\14.29.30133\bin\HostX86\x86\link.exe /ERRORREPORT:PROMPT /OUT:"E:\Лабораторные\ОАиП\Lab12\Debug\Lab12_dop2.exe" /INCREMENTAL /ILK:"Debug\Lab12_dop2.ilk" /NOLOGO kernel32.lib user32.lib gdi32.lib winspool.lib comdlg32.lib advapi32.lib shell32.lib ole32.lib oleaut32.lib uuid.lib odbc32.lib odbccp32.lib /MANIFEST /MANIFESTUAC:"level='asInvoker' uiAccess='false'" /manifest:embed /DEBUG /PDB:"E:\Лабораторные\ОАиП\Lab12\Debug\Lab12_dop2.pdb" /SUBSYSTEM:CONSOLE /TLBID:1 /DYNAMICBASE /NXCOMPAT /IMPLIB:"E:\Лабораторные\ОАиП\Lab12\Debug\Lab12_dop2.lib" /MACHINE:X86 Debug\Lab12_dop2.obj
         Lab12_dop2.vcxproj -> E:\Лабораторные\ОАиП\Lab12\Debug\Lab12_dop2.exe
       FinalizeBuildStatus:
         Файл "Debug\Lab12_dop2.tlog\unsuccessfulbuild" удаляется.
         Обращение к "Debug\Lab12_dop2.tlog\Lab12_dop2.lastbuildstate".
     1>Сборка проекта "E:\Лабораторные\ОАиП\Lab12\Lab12_dop2\Lab12_dop2.vcxproj" завершена (целевые объекты Build).

Сборка успешно завершена.

       "E:\Лабораторные\ОАиП\Lab12\Lab12_dop2\Lab12_dop2.vcxproj" (целевой объект Build ) (1) ->
       (Целевой объект ClCompile) -> 
         E:\Лабораторные\ОАиП\Lab12\Lab12_dop2\Lab12_dop2.cpp(6,13): warning C4326: возвращаемый тип "main" должен быть "int", а не "void"
         E:\Лабораторные\ОАиП\Lab12\Lab12_dop2\Lab12_dop2.cpp(12,20): warning C4018: <: несоответствие типов со знаком и без знака

    Предупреждений: 2
    Ошибок: 0

Прошло времени 00:00:02.45
